*** SERIAL ***
ex1.in -- Elapsed time: 0.000063163
ex2.in -- Elapsed time: 0.007997961
ex3.in -- Elapsed time: 42.743095567
ex4.in -- Elapsed time: 395.045084724
ex5.in -- Elapsed time: 744.755572970

*** OpenMP 2 Threads ***
ex1.in
- 1 - Elapsed time: 0.003975436
- 2 - Elapsed time: 0.000866767
- 3 - Elapsed time: 0.000918720
- 4 - Elapsed time: 0.004000244
- 5 - Elapsed time: 0.003197332
ex2.in
- 1 - Elapsed time: 0.006654616
- 2 - Elapsed time: 0.003695871
- 3 - Elapsed time: 0.004001582
- 4 - Elapsed time: 0.004001142
- 5 - Elapsed time: 0.004424407
ex3.in
- 1 - Elapsed time: 28.143920536
- 2 - Elapsed time: 26.980895931
- 3 - Elapsed time: 26.800802501
- 4 - Elapsed time: 26.712656555
- 5 - Elapsed time: 26.850667412
ex4.in
- 1 - Elapsed time: 371.332283469
- 2 - Elapsed time: 370.823092234
- 3 - Elapsed time: 367.037634721
- 4 - Elapsed time: 369.606541801
- 5 - Elapsed time: 372.449644937
ex5.in
- 1 - Elapsed time: 369.012242664
- 2 - Elapsed time: 376.687383045
- 3 - Elapsed time: 373.060251319
- 4 - Elapsed time: 376.229667993
- 5 - Elapsed time: 377.239674716

*** OpenMP 4 Threads ***
ex1.in
- 1 - Elapsed time: 0.002611602
- 2 - Elapsed time: 0.002322541
- 3 - Elapsed time: 0.001819199
- 4 - Elapsed time: 0.001838447
- 5 - Elapsed time: 0.001978453
ex2.in
- 1 - Elapsed time: 0.003657106
- 2 - Elapsed time: 0.002928793
- 3 - Elapsed time: 0.002934297
- 4 - Elapsed time: 0.002678407
- 5 - Elapsed time: 0.002291347
ex3.in
- 1 - Elapsed time: 15.669762334
- 2 - Elapsed time: 15.732878401
- 3 - Elapsed time: 12.331036620
- 4 - Elapsed time: 14.026306545
- 5 - Elapsed time: 19.136601824
ex4.in
- 1 - Elapsed time: 124.912759511
- 2 - Elapsed time: 124.262183033
- 3 - Elapsed time: 175.873875179
- 4 - Elapsed time: 178.509592121
- 5 - Elapsed time: 125.927932364
ex5.in
- 1 - Elapsed time: 220.340687285
- 2 - Elapsed time: 224.627404139
- 3 - Elapsed time: 222.412069714
- 4 - Elapsed time: 226.777187019
- 5 - Elapsed time: 202.405771456

*** OpenMP 8 Threads ***
ex1.in
- 1 - Elapsed time: 0.010007742
- 2 - Elapsed time: 0.006989887
- 3 - Elapsed time: 0.007107540
- 4 - Elapsed time: 0.014669516
- 5 - Elapsed time: 0.010121403
ex2.in
- 1 - Elapsed time: 0.011038901
- 2 - Elapsed time: 0.014964558
- 3 - Elapsed time: 0.016856532
- 4 - Elapsed time: 0.015063259
- 5 - Elapsed time: 0.008724611
ex3.in
- 1 - Elapsed time: 7.842165252
- 2 - Elapsed time: 10.068699041
- 3 - Elapsed time: 7.004284451
- 4 - Elapsed time: 7.012204955
- 5 - Elapsed time: 7.867121161
ex4.in
- 1 - Elapsed time: 102.273521616
- 2 - Elapsed time: 87.052108651
- 3 - Elapsed time: 96.610486485
- 4 - Elapsed time: 73.678655086
- 5 - Elapsed time: 88.169422741
ex5.in
- 1 - Elapsed time: 128.308158121
- 2 - Elapsed time: 122.844180099
- 3 - Elapsed time: 136.645383812
- 4 - Elapsed time: 115.465580347
- 5 - Elapsed time: 121.458641668

